{"/Users/truststaking/Documents/GitHub/xoxno-sdk-js/src/collection/index.ts": {"path":"/Users/truststaking/Documents/GitHub/xoxno-sdk-js/src/collection/index.ts","statementMap":{"0":{"start":{"line":9,"column":0},"end":{"line":9,"column":41}},"1":{"start":{"line":10,"column":0},"end":{"line":10,"column":51}},"2":{"start":{"line":11,"column":0},"end":{"line":11,"column":57}},"3":{"start":{"line":25,"column":4},"end":{"line":25,"column":37}},"4":{"start":{"line":34,"column":32},"end":{"line":44,"column":3}},"5":{"start":{"line":37,"column":4},"end":{"line":39,"column":null}},"6":{"start":{"line":38,"column":6},"end":{"line":38,"column":66}},"7":{"start":{"line":40,"column":21},"end":{"line":41,"column":null}},"8":{"start":{"line":43,"column":4},"end":{"line":43,"column":20}},"9":{"start":{"line":53,"column":35},"end":{"line":64,"column":3}},"10":{"start":{"line":57,"column":4},"end":{"line":59,"column":null}},"11":{"start":{"line":58,"column":6},"end":{"line":58,"column":66}},"12":{"start":{"line":60,"column":21},"end":{"line":61,"column":null}},"13":{"start":{"line":63,"column":4},"end":{"line":63,"column":20}},"14":{"start":{"line":72,"column":35},"end":{"line":82,"column":3}},"15":{"start":{"line":75,"column":4},"end":{"line":77,"column":null}},"16":{"start":{"line":76,"column":6},"end":{"line":76,"column":66}},"17":{"start":{"line":78,"column":21},"end":{"line":79,"column":null}},"18":{"start":{"line":81,"column":4},"end":{"line":81,"column":20}},"19":{"start":{"line":90,"column":22},"end":{"line":144,"column":3}},"20":{"start":{"line":93,"column":4},"end":{"line":95,"column":null}},"21":{"start":{"line":94,"column":6},"end":{"line":94,"column":71}},"22":{"start":{"line":97,"column":4},"end":{"line":99,"column":null}},"23":{"start":{"line":98,"column":6},"end":{"line":98,"column":55}},"24":{"start":{"line":101,"column":36},"end":{"line":129,"column":6}},"25":{"start":{"line":131,"column":19},"end":{"line":131,"column":78}},"26":{"start":{"line":132,"column":21},"end":{"line":133,"column":null}},"27":{"start":{"line":135,"column":4},"end":{"line":143,"column":6}},"28":{"start":{"line":153,"column":30},"end":{"line":157,"column":3}},"29":{"start":{"line":156,"column":4},"end":{"line":156,"column":45}},"30":{"start":{"line":22,"column":0},"end":{"line":22,"column":13}}},"fnMap":{"0":{"name":"(anonymous_0)","decl":{"start":{"line":24,"column":2},"end":{"line":24,"column":null}},"loc":{"start":{"line":24,"column":2},"end":{"line":26,"column":3}}},"1":{"name":"(anonymous_1)","decl":{"start":{"line":34,"column":32},"end":{"line":34,"column":37}},"loc":{"start":{"line":36,"column":35},"end":{"line":44,"column":3}}},"2":{"name":"(anonymous_2)","decl":{"start":{"line":53,"column":35},"end":{"line":53,"column":40}},"loc":{"start":{"line":56,"column":23},"end":{"line":64,"column":3}}},"3":{"name":"(anonymous_3)","decl":{"start":{"line":72,"column":35},"end":{"line":72,"column":40}},"loc":{"start":{"line":74,"column":38},"end":{"line":82,"column":3}}},"4":{"name":"(anonymous_4)","decl":{"start":{"line":90,"column":22},"end":{"line":90,"column":27}},"loc":{"start":{"line":92,"column":35},"end":{"line":144,"column":3}}},"5":{"name":"(anonymous_5)","decl":{"start":{"line":153,"column":30},"end":{"line":153,"column":35}},"loc":{"start":{"line":155,"column":40},"end":{"line":157,"column":3}}}},"branchMap":{"0":{"loc":{"start":{"line":37,"column":4},"end":{"line":39,"column":null}},"type":"if","locations":[{"start":{"line":37,"column":4},"end":{"line":39,"column":null}}]},"1":{"loc":{"start":{"line":55,"column":4},"end":{"line":55,"column":18}},"type":"default-arg","locations":[{"start":{"line":55,"column":12},"end":{"line":55,"column":18}}]},"2":{"loc":{"start":{"line":57,"column":4},"end":{"line":59,"column":null}},"type":"if","locations":[{"start":{"line":57,"column":4},"end":{"line":59,"column":null}}]},"3":{"loc":{"start":{"line":75,"column":4},"end":{"line":77,"column":null}},"type":"if","locations":[{"start":{"line":75,"column":4},"end":{"line":77,"column":null}}]},"4":{"loc":{"start":{"line":93,"column":4},"end":{"line":95,"column":null}},"type":"if","locations":[{"start":{"line":93,"column":4},"end":{"line":95,"column":null}}]},"5":{"loc":{"start":{"line":97,"column":4},"end":{"line":99,"column":null}},"type":"if","locations":[{"start":{"line":97,"column":4},"end":{"line":99,"column":null}}]},"6":{"loc":{"start":{"line":97,"column":8},"end":{"line":97,"column":33}},"type":"binary-expr","locations":[{"start":{"line":97,"column":8},"end":{"line":97,"column":16}},{"start":{"line":97,"column":20},"end":{"line":97,"column":33}}]},"7":{"loc":{"start":{"line":103,"column":16},"end":{"line":103,"column":40}},"type":"binary-expr","locations":[{"start":{"line":103,"column":16},"end":{"line":103,"column":31}},{"start":{"line":103,"column":35},"end":{"line":103,"column":40}}]},"8":{"loc":{"start":{"line":104,"column":21},"end":{"line":104,"column":51}},"type":"binary-expr","locations":[{"start":{"line":104,"column":21},"end":{"line":104,"column":38}},{"start":{"line":104,"column":42},"end":{"line":104,"column":51}}]},"9":{"loc":{"start":{"line":105,"column":22},"end":{"line":109,"column":21}},"type":"cond-expr","locations":[{"start":{"line":106,"column":12},"end":{"line":108,"column":41}},{"start":{"line":109,"column":12},"end":{"line":109,"column":21}}]},"10":{"loc":{"start":{"line":106,"column":12},"end":{"line":108,"column":41}},"type":"cond-expr","locations":[{"start":{"line":107,"column":14},"end":{"line":107,"column":34}},{"start":{"line":108,"column":14},"end":{"line":108,"column":41}}]},"11":{"loc":{"start":{"line":110,"column":16},"end":{"line":110,"column":47}},"type":"binary-expr","locations":[{"start":{"line":110,"column":16},"end":{"line":110,"column":34}},{"start":{"line":110,"column":38},"end":{"line":110,"column":47}}]},"12":{"loc":{"start":{"line":111,"column":20},"end":{"line":111,"column":48}},"type":"binary-expr","locations":[{"start":{"line":111,"column":20},"end":{"line":111,"column":35}},{"start":{"line":111,"column":39},"end":{"line":111,"column":48}}]},"13":{"loc":{"start":{"line":112,"column":15},"end":{"line":119,"column":21}},"type":"cond-expr","locations":[{"start":{"line":113,"column":12},"end":{"line":118,"column":null}},{"start":{"line":119,"column":12},"end":{"line":119,"column":21}}]},"14":{"loc":{"start":{"line":115,"column":20},"end":{"line":117,"column":45}},"type":"cond-expr","locations":[{"start":{"line":116,"column":18},"end":{"line":116,"column":49}},{"start":{"line":117,"column":18},"end":{"line":117,"column":45}}]},"15":{"loc":{"start":{"line":120,"column":19},"end":{"line":120,"column":46}},"type":"binary-expr","locations":[{"start":{"line":120,"column":19},"end":{"line":120,"column":33}},{"start":{"line":120,"column":37},"end":{"line":120,"column":46}}]},"16":{"loc":{"start":{"line":121,"column":20},"end":{"line":121,"column":55}},"type":"binary-expr","locations":[{"start":{"line":121,"column":20},"end":{"line":121,"column":42}},{"start":{"line":121,"column":46},"end":{"line":121,"column":55}}]},"17":{"loc":{"start":{"line":123,"column":12},"end":{"line":123,"column":33}},"type":"binary-expr","locations":[{"start":{"line":123,"column":12},"end":{"line":123,"column":27}},{"start":{"line":123,"column":31},"end":{"line":123,"column":33}}]},"18":{"loc":{"start":{"line":124,"column":15},"end":{"line":124,"column":40}},"type":"binary-expr","locations":[{"start":{"line":124,"column":15},"end":{"line":124,"column":27}},{"start":{"line":124,"column":31},"end":{"line":124,"column":40}}]},"19":{"loc":{"start":{"line":126,"column":14},"end":{"line":126,"column":48}},"type":"binary-expr","locations":[{"start":{"line":126,"column":14},"end":{"line":126,"column":35}},{"start":{"line":126,"column":39},"end":{"line":126,"column":48}}]},"20":{"loc":{"start":{"line":127,"column":11},"end":{"line":127,"column":25}},"type":"binary-expr","locations":[{"start":{"line":127,"column":11},"end":{"line":127,"column":19}},{"start":{"line":127,"column":23},"end":{"line":127,"column":25}}]},"21":{"loc":{"start":{"line":128,"column":12},"end":{"line":128,"column":26}},"type":"binary-expr","locations":[{"start":{"line":128,"column":12},"end":{"line":128,"column":21}},{"start":{"line":128,"column":25},"end":{"line":128,"column":26}}]},"22":{"loc":{"start":{"line":139,"column":15},"end":{"line":139,"column":29}},"type":"binary-expr","locations":[{"start":{"line":139,"column":15},"end":{"line":139,"column":24}},{"start":{"line":139,"column":28},"end":{"line":139,"column":29}}]},"23":{"loc":{"start":{"line":139,"column":34},"end":{"line":139,"column":48}},"type":"binary-expr","locations":[{"start":{"line":139,"column":34},"end":{"line":139,"column":42}},{"start":{"line":139,"column":46},"end":{"line":139,"column":48}}]},"24":{"loc":{"start":{"line":142,"column":33},"end":{"line":142,"column":47}},"type":"binary-expr","locations":[{"start":{"line":142,"column":33},"end":{"line":142,"column":42}},{"start":{"line":142,"column":46},"end":{"line":142,"column":47}}]},"25":{"loc":{"start":{"line":142,"column":52},"end":{"line":142,"column":66}},"type":"binary-expr","locations":[{"start":{"line":142,"column":52},"end":{"line":142,"column":60}},{"start":{"line":142,"column":64},"end":{"line":142,"column":66}}]}},"s":{"0":1,"1":1,"2":1,"3":2,"4":2,"5":1,"6":0,"7":1,"8":1,"9":2,"10":1,"11":0,"12":1,"13":1,"14":2,"15":1,"16":0,"17":1,"18":1,"19":2,"20":2,"21":0,"22":2,"23":0,"24":2,"25":2,"26":2,"27":2,"28":2,"29":2,"30":1},"f":{"0":2,"1":1,"2":1,"3":1,"4":2,"5":2},"b":{"0":[0],"1":[1],"2":[0],"3":[0],"4":[0],"5":[0],"6":[2,2],"7":[2,0],"8":[2,2],"9":[2,0],"10":[0,2],"11":[2,2],"12":[2,2],"13":[0,2],"14":[0,0],"15":[2,2],"16":[2,2],"17":[2,2],"18":[2,2],"19":[2,0],"20":[2,0],"21":[2,1],"22":[2,1],"23":[2,0],"24":[2,1],"25":[2,0]}}
,"/Users/truststaking/Documents/GitHub/xoxno-sdk-js/src/interactions/index.ts": {"path":"/Users/truststaking/Documents/GitHub/xoxno-sdk-js/src/interactions/index.ts","statementMap":{"0":{"start":{"line":1,"column":0},"end":{"line":1,"column":null}},"1":{"start":{"line":6,"column":0},"end":{"line":6,"column":59}},"2":{"start":{"line":8,"column":0},"end":{"line":8,"column":41}},"3":{"start":{"line":9,"column":0},"end":{"line":9,"column":55}},"4":{"start":{"line":10,"column":0},"end":{"line":10,"column":63}},"5":{"start":{"line":11,"column":0},"end":{"line":11,"column":65}},"6":{"start":{"line":17,"column":4},"end":{"line":17,"column":29}},"7":{"start":{"line":18,"column":4},"end":{"line":18,"column":42}},"8":{"start":{"line":22,"column":19},"end":{"line":22,"column":47}},"9":{"start":{"line":23,"column":27},"end":{"line":23,"column":62}},"10":{"start":{"line":24,"column":19},"end":{"line":27,"column":null}},"11":{"start":{"line":30,"column":4},"end":{"line":30,"column":37}},"12":{"start":{"line":34,"column":4},"end":{"line":34,"column":58}},"13":{"start":{"line":42,"column":30},"end":{"line":46,"column":3}},"14":{"start":{"line":43,"column":24},"end":{"line":43,"column":69}},"15":{"start":{"line":44,"column":19},"end":{"line":44,"column":52}},"16":{"start":{"line":45,"column":4},"end":{"line":45,"column":50}},"17":{"start":{"line":52,"column":36},"end":{"line":56,"column":3}},"18":{"start":{"line":53,"column":24},"end":{"line":53,"column":59}},"19":{"start":{"line":54,"column":19},"end":{"line":54,"column":52}},"20":{"start":{"line":55,"column":4},"end":{"line":55,"column":40}},"21":{"start":{"line":63,"column":29},"end":{"line":67,"column":3}},"22":{"start":{"line":64,"column":24},"end":{"line":64,"column":57}},"23":{"start":{"line":65,"column":19},"end":{"line":65,"column":52}},"24":{"start":{"line":66,"column":4},"end":{"line":66,"column":74}},"25":{"start":{"line":66,"column":60},"end":{"line":66,"column":72}},"26":{"start":{"line":81,"column":19},"end":{"line":82,"column":null}},"27":{"start":{"line":85,"column":4},"end":{"line":87,"column":null}},"28":{"start":{"line":86,"column":6},"end":{"line":86,"column":15}},"29":{"start":{"line":88,"column":4},"end":{"line":91,"column":18}},"30":{"start":{"line":97,"column":4},"end":{"line":97,"column":39}},"31":{"start":{"line":108,"column":30},"end":{"line":148,"column":3}},"32":{"start":{"line":111,"column":24},"end":{"line":111,"column":73}},"33":{"start":{"line":112,"column":19},"end":{"line":112,"column":52}},"34":{"start":{"line":113,"column":17},"end":{"line":113,"column":45}},"35":{"start":{"line":114,"column":4},"end":{"line":114,"column":54}},"36":{"start":{"line":115,"column":4},"end":{"line":115,"column":28}},"37":{"start":{"line":116,"column":4},"end":{"line":118,"column":6}},"38":{"start":{"line":119,"column":4},"end":{"line":119,"column":34}},"39":{"start":{"line":120,"column":4},"end":{"line":120,"column":49}},"40":{"start":{"line":121,"column":4},"end":{"line":121,"column":34}},"41":{"start":{"line":122,"column":4},"end":{"line":133,"column":null}},"42":{"start":{"line":123,"column":6},"end":{"line":130,"column":8}},"43":{"start":{"line":132,"column":6},"end":{"line":132,"column":27}},"44":{"start":{"line":134,"column":4},"end":{"line":134,"column":54}},"45":{"start":{"line":135,"column":4},"end":{"line":135,"column":64}},"46":{"start":{"line":136,"column":4},"end":{"line":136,"column":38}},"47":{"start":{"line":138,"column":4},"end":{"line":138,"column":56}},"48":{"start":{"line":139,"column":4},"end":{"line":139,"column":49}},"49":{"start":{"line":140,"column":4},"end":{"line":146,"column":null}},"50":{"start":{"line":141,"column":6},"end":{"line":145,"column":8}},"51":{"start":{"line":147,"column":4},"end":{"line":147,"column":31}},"52":{"start":{"line":154,"column":19},"end":{"line":154,"column":75}},"53":{"start":{"line":155,"column":18},"end":{"line":155,"column":56}},"54":{"start":{"line":156,"column":4},"end":{"line":156,"column":17}},"55":{"start":{"line":163,"column":19},"end":{"line":163,"column":73}},"56":{"start":{"line":164,"column":18},"end":{"line":164,"column":56}},"57":{"start":{"line":165,"column":4},"end":{"line":165,"column":17}},"58":{"start":{"line":172,"column":19},"end":{"line":172,"column":79}},"59":{"start":{"line":173,"column":18},"end":{"line":173,"column":56}},"60":{"start":{"line":174,"column":4},"end":{"line":174,"column":17}},"61":{"start":{"line":181,"column":19},"end":{"line":181,"column":78}},"62":{"start":{"line":182,"column":18},"end":{"line":182,"column":56}},"63":{"start":{"line":183,"column":4},"end":{"line":183,"column":17}},"64":{"start":{"line":193,"column":19},"end":{"line":194,"column":null}},"65":{"start":{"line":196,"column":4},"end":{"line":196,"column":49}},"66":{"start":{"line":208,"column":19},"end":{"line":209,"column":null}},"67":{"start":{"line":211,"column":4},"end":{"line":211,"column":50}},"68":{"start":{"line":224,"column":19},"end":{"line":225,"column":null}},"69":{"start":{"line":227,"column":16},"end":{"line":227,"column":78}},"70":{"start":{"line":227,"column":65},"end":{"line":227,"column":77}},"71":{"start":{"line":228,"column":4},"end":{"line":228,"column":15}},"72":{"start":{"line":13,"column":0},"end":{"line":13,"column":13}}},"fnMap":{"0":{"name":"(anonymous_0)","decl":{"start":{"line":16,"column":2},"end":{"line":16,"column":14}},"loc":{"start":{"line":16,"column":43},"end":{"line":19,"column":3}}},"1":{"name":"(anonymous_1)","decl":{"start":{"line":21,"column":2},"end":{"line":21,"column":8}},"loc":{"start":{"line":21,"column":21},"end":{"line":31,"column":3}}},"2":{"name":"(anonymous_2)","decl":{"start":{"line":33,"column":10},"end":{"line":33,"column":15}},"loc":{"start":{"line":33,"column":50},"end":{"line":35,"column":3}}},"3":{"name":"(anonymous_3)","decl":{"start":{"line":42,"column":30},"end":{"line":42,"column":35}},"loc":{"start":{"line":42,"column":58},"end":{"line":46,"column":3}}},"4":{"name":"(anonymous_4)","decl":{"start":{"line":52,"column":36},"end":{"line":52,"column":41}},"loc":{"start":{"line":52,"column":66},"end":{"line":56,"column":3}}},"5":{"name":"(anonymous_5)","decl":{"start":{"line":63,"column":29},"end":{"line":63,"column":34}},"loc":{"start":{"line":63,"column":59},"end":{"line":67,"column":3}}},"6":{"name":"(anonymous_6)","decl":{"start":{"line":66,"column":44},"end":{"line":66,"column":45}},"loc":{"start":{"line":66,"column":60},"end":{"line":66,"column":72}}},"7":{"name":"(anonymous_7)","decl":{"start":{"line":76,"column":2},"end":{"line":76,"column":7}},"loc":{"start":{"line":79,"column":17},"end":{"line":92,"column":3}}},"8":{"name":"(anonymous_8)","decl":{"start":{"line":96,"column":10},"end":{"line":96,"column":23}},"loc":{"start":{"line":96,"column":65},"end":{"line":98,"column":3}}},"9":{"name":"(anonymous_9)","decl":{"start":{"line":108,"column":30},"end":{"line":108,"column":35}},"loc":{"start":{"line":110,"column":28},"end":{"line":148,"column":3}}},"10":{"name":"(anonymous_10)","decl":{"start":{"line":153,"column":9},"end":{"line":153,"column":14}},"loc":{"start":{"line":153,"column":31},"end":{"line":157,"column":3}}},"11":{"name":"(anonymous_11)","decl":{"start":{"line":162,"column":9},"end":{"line":162,"column":14}},"loc":{"start":{"line":162,"column":29},"end":{"line":166,"column":3}}},"12":{"name":"(anonymous_12)","decl":{"start":{"line":171,"column":9},"end":{"line":171,"column":14}},"loc":{"start":{"line":171,"column":35},"end":{"line":175,"column":3}}},"13":{"name":"(anonymous_13)","decl":{"start":{"line":180,"column":9},"end":{"line":180,"column":14}},"loc":{"start":{"line":180,"column":34},"end":{"line":184,"column":3}}},"14":{"name":"(anonymous_14)","decl":{"start":{"line":192,"column":9},"end":{"line":192,"column":14}},"loc":{"start":{"line":192,"column":52},"end":{"line":197,"column":3}}},"15":{"name":"(anonymous_15)","decl":{"start":{"line":205,"column":9},"end":{"line":205,"column":14}},"loc":{"start":{"line":206,"column":22},"end":{"line":212,"column":3}}},"16":{"name":"(anonymous_16)","decl":{"start":{"line":221,"column":9},"end":{"line":221,"column":14}},"loc":{"start":{"line":222,"column":22},"end":{"line":229,"column":3}}},"17":{"name":"(anonymous_17)","decl":{"start":{"line":227,"column":49},"end":{"line":227,"column":50}},"loc":{"start":{"line":227,"column":65},"end":{"line":227,"column":77}}}},"branchMap":{"0":{"loc":{"start":{"line":85,"column":4},"end":{"line":87,"column":null}},"type":"if","locations":[{"start":{"line":85,"column":4},"end":{"line":87,"column":null}}]},"1":{"loc":{"start":{"line":122,"column":4},"end":{"line":133,"column":null}},"type":"if","locations":[{"start":{"line":122,"column":4},"end":{"line":133,"column":null}},{"start":{"line":131,"column":11},"end":{"line":133,"column":null}}]},"2":{"loc":{"start":{"line":140,"column":4},"end":{"line":146,"column":null}},"type":"if","locations":[{"start":{"line":140,"column":4},"end":{"line":146,"column":null}}]}},"s":{"0":1,"1":1,"2":1,"3":1,"4":1,"5":1,"6":1,"7":1,"8":1,"9":1,"10":1,"11":1,"12":14,"13":1,"14":1,"15":1,"16":1,"17":1,"18":1,"19":1,"20":1,"21":1,"22":2,"23":2,"24":2,"25":5072,"26":1,"27":1,"28":0,"29":1,"30":0,"31":1,"32":2,"33":2,"34":2,"35":2,"36":2,"37":2,"38":2,"39":2,"40":2,"41":2,"42":0,"43":2,"44":2,"45":2,"46":2,"47":2,"48":2,"49":2,"50":0,"51":2,"52":1,"53":1,"54":1,"55":1,"56":1,"57":1,"58":1,"59":1,"60":1,"61":1,"62":1,"63":1,"64":1,"65":1,"66":1,"67":1,"68":1,"69":1,"70":755,"71":1,"72":1},"f":{"0":1,"1":1,"2":14,"3":1,"4":1,"5":2,"6":5072,"7":1,"8":0,"9":2,"10":1,"11":1,"12":1,"13":1,"14":1,"15":1,"16":1,"17":755},"b":{"0":[0],"1":[0,2],"2":[0]}}
,"/Users/truststaking/Documents/GitHub/xoxno-sdk-js/src/nft/index.ts": {"path":"/Users/truststaking/Documents/GitHub/xoxno-sdk-js/src/nft/index.ts","statementMap":{"0":{"start":{"line":3,"column":0},"end":{"line":3,"column":41}},"1":{"start":{"line":4,"column":0},"end":{"line":4,"column":51}},"2":{"start":{"line":5,"column":0},"end":{"line":5,"column":64}},"3":{"start":{"line":6,"column":0},"end":{"line":6,"column":79}},"4":{"start":{"line":20,"column":4},"end":{"line":20,"column":37}},"5":{"start":{"line":28,"column":30},"end":{"line":36,"column":3}},"6":{"start":{"line":29,"column":4},"end":{"line":31,"column":null}},"7":{"start":{"line":30,"column":6},"end":{"line":30,"column":59}},"8":{"start":{"line":32,"column":21},"end":{"line":33,"column":null}},"9":{"start":{"line":35,"column":4},"end":{"line":35,"column":20}},"10":{"start":{"line":45,"column":38},"end":{"line":57,"column":3}},"11":{"start":{"line":49,"column":4},"end":{"line":51,"column":null}},"12":{"start":{"line":50,"column":6},"end":{"line":50,"column":66}},"13":{"start":{"line":53,"column":21},"end":{"line":54,"column":null}},"14":{"start":{"line":56,"column":4},"end":{"line":56,"column":20}},"15":{"start":{"line":67,"column":41},"end":{"line":84,"column":3}},"16":{"start":{"line":72,"column":4},"end":{"line":74,"column":null}},"17":{"start":{"line":73,"column":6},"end":{"line":73,"column":66}},"18":{"start":{"line":76,"column":4},"end":{"line":78,"column":null}},"19":{"start":{"line":77,"column":6},"end":{"line":77,"column":32}},"20":{"start":{"line":80,"column":21},"end":{"line":81,"column":null}},"21":{"start":{"line":83,"column":4},"end":{"line":83,"column":20}},"22":{"start":{"line":93,"column":30},"end":{"line":97,"column":3}},"23":{"start":{"line":96,"column":4},"end":{"line":96,"column":45}},"24":{"start":{"line":17,"column":0},"end":{"line":17,"column":13}}},"fnMap":{"0":{"name":"(anonymous_0)","decl":{"start":{"line":19,"column":2},"end":{"line":19,"column":null}},"loc":{"start":{"line":19,"column":2},"end":{"line":21,"column":3}}},"1":{"name":"(anonymous_1)","decl":{"start":{"line":28,"column":30},"end":{"line":28,"column":35}},"loc":{"start":{"line":28,"column":77},"end":{"line":36,"column":3}}},"2":{"name":"(anonymous_2)","decl":{"start":{"line":45,"column":38},"end":{"line":45,"column":43}},"loc":{"start":{"line":48,"column":24},"end":{"line":57,"column":3}}},"3":{"name":"(anonymous_3)","decl":{"start":{"line":67,"column":41},"end":{"line":67,"column":46}},"loc":{"start":{"line":70,"column":24},"end":{"line":84,"column":3}}},"4":{"name":"(anonymous_4)","decl":{"start":{"line":93,"column":30},"end":{"line":93,"column":35}},"loc":{"start":{"line":95,"column":40},"end":{"line":97,"column":3}}}},"branchMap":{"0":{"loc":{"start":{"line":29,"column":4},"end":{"line":31,"column":null}},"type":"if","locations":[{"start":{"line":29,"column":4},"end":{"line":31,"column":null}}]},"1":{"loc":{"start":{"line":49,"column":4},"end":{"line":51,"column":null}},"type":"if","locations":[{"start":{"line":49,"column":4},"end":{"line":51,"column":null}}]},"2":{"loc":{"start":{"line":72,"column":4},"end":{"line":74,"column":null}},"type":"if","locations":[{"start":{"line":72,"column":4},"end":{"line":74,"column":null}}]},"3":{"loc":{"start":{"line":76,"column":4},"end":{"line":78,"column":null}},"type":"if","locations":[{"start":{"line":76,"column":4},"end":{"line":78,"column":null}}]}},"s":{"0":1,"1":1,"2":1,"3":1,"4":1,"5":1,"6":1,"7":0,"8":1,"9":1,"10":1,"11":1,"12":0,"13":1,"14":1,"15":1,"16":1,"17":0,"18":1,"19":0,"20":1,"21":1,"22":1,"23":2,"24":1},"f":{"0":1,"1":1,"2":1,"3":1,"4":2},"b":{"0":[0],"1":[0],"2":[0],"3":[0]}}
,"/Users/truststaking/Documents/GitHub/xoxno-sdk-js/src/utils/SmartContractAbis.ts": {"path":"/Users/truststaking/Documents/GitHub/xoxno-sdk-js/src/utils/SmartContractAbis.ts","statementMap":{"0":{"start":{"line":1,"column":0},"end":{"line":1,"column":51}},"1":{"start":{"line":2,"column":0},"end":{"line":2,"column":26}},"2":{"start":{"line":13,"column":4},"end":{"line":19,"column":null}},"3":{"start":{"line":14,"column":23},"end":{"line":15,"column":null}},"4":{"start":{"line":17,"column":26},"end":{"line":17,"column":50}},"5":{"start":{"line":18,"column":6},"end":{"line":18,"column":45}},"6":{"start":{"line":21,"column":4},"end":{"line":21,"column":36}},"7":{"start":{"line":24,"column":4},"end":{"line":30,"column":null}},"8":{"start":{"line":25,"column":23},"end":{"line":26,"column":null}},"9":{"start":{"line":28,"column":26},"end":{"line":28,"column":50}},"10":{"start":{"line":29,"column":6},"end":{"line":29,"column":46}},"11":{"start":{"line":32,"column":4},"end":{"line":32,"column":37}},"12":{"start":{"line":36,"column":4},"end":{"line":42,"column":null}},"13":{"start":{"line":37,"column":23},"end":{"line":38,"column":null}},"14":{"start":{"line":40,"column":26},"end":{"line":40,"column":50}},"15":{"start":{"line":41,"column":6},"end":{"line":41,"column":45}},"16":{"start":{"line":44,"column":4},"end":{"line":44,"column":36}},"17":{"start":{"line":48,"column":4},"end":{"line":54,"column":null}},"18":{"start":{"line":49,"column":23},"end":{"line":50,"column":null}},"19":{"start":{"line":52,"column":26},"end":{"line":52,"column":50}},"20":{"start":{"line":53,"column":6},"end":{"line":53,"column":46}},"21":{"start":{"line":56,"column":4},"end":{"line":56,"column":37}},"22":{"start":{"line":60,"column":4},"end":{"line":66,"column":null}},"23":{"start":{"line":61,"column":23},"end":{"line":62,"column":null}},"24":{"start":{"line":64,"column":26},"end":{"line":64,"column":50}},"25":{"start":{"line":65,"column":6},"end":{"line":65,"column":47}},"26":{"start":{"line":68,"column":4},"end":{"line":68,"column":38}},"27":{"start":{"line":72,"column":4},"end":{"line":78,"column":null}},"28":{"start":{"line":73,"column":23},"end":{"line":74,"column":null}},"29":{"start":{"line":76,"column":26},"end":{"line":76,"column":50}},"30":{"start":{"line":77,"column":6},"end":{"line":77,"column":42}},"31":{"start":{"line":80,"column":4},"end":{"line":80,"column":33}},"32":{"start":{"line":4,"column":0},"end":{"line":4,"column":13}}},"fnMap":{"0":{"name":"(anonymous_1)","decl":{"start":{"line":12,"column":9},"end":{"line":12,"column":15}},"loc":{"start":{"line":12,"column":31},"end":{"line":22,"column":3}}},"1":{"name":"(anonymous_2)","decl":{"start":{"line":23,"column":9},"end":{"line":23,"column":15}},"loc":{"start":{"line":23,"column":32},"end":{"line":33,"column":3}}},"2":{"name":"(anonymous_3)","decl":{"start":{"line":35,"column":9},"end":{"line":35,"column":15}},"loc":{"start":{"line":35,"column":31},"end":{"line":45,"column":3}}},"3":{"name":"(anonymous_4)","decl":{"start":{"line":47,"column":9},"end":{"line":47,"column":15}},"loc":{"start":{"line":47,"column":32},"end":{"line":57,"column":3}}},"4":{"name":"(anonymous_5)","decl":{"start":{"line":59,"column":9},"end":{"line":59,"column":15}},"loc":{"start":{"line":59,"column":33},"end":{"line":69,"column":3}}},"5":{"name":"(anonymous_6)","decl":{"start":{"line":71,"column":9},"end":{"line":71,"column":15}},"loc":{"start":{"line":71,"column":28},"end":{"line":81,"column":3}}}},"branchMap":{"0":{"loc":{"start":{"line":13,"column":4},"end":{"line":19,"column":null}},"type":"if","locations":[{"start":{"line":13,"column":4},"end":{"line":19,"column":null}}]},"1":{"loc":{"start":{"line":24,"column":4},"end":{"line":30,"column":null}},"type":"if","locations":[{"start":{"line":24,"column":4},"end":{"line":30,"column":null}}]},"2":{"loc":{"start":{"line":36,"column":4},"end":{"line":42,"column":null}},"type":"if","locations":[{"start":{"line":36,"column":4},"end":{"line":42,"column":null}}]},"3":{"loc":{"start":{"line":48,"column":4},"end":{"line":54,"column":null}},"type":"if","locations":[{"start":{"line":48,"column":4},"end":{"line":54,"column":null}}]},"4":{"loc":{"start":{"line":60,"column":4},"end":{"line":66,"column":null}},"type":"if","locations":[{"start":{"line":60,"column":4},"end":{"line":66,"column":null}}]},"5":{"loc":{"start":{"line":72,"column":4},"end":{"line":78,"column":null}},"type":"if","locations":[{"start":{"line":72,"column":4},"end":{"line":78,"column":null}}]}},"s":{"0":1,"1":1,"2":1,"3":1,"4":1,"5":1,"6":1,"7":0,"8":0,"9":0,"10":0,"11":0,"12":0,"13":0,"14":0,"15":0,"16":0,"17":0,"18":0,"19":0,"20":0,"21":0,"22":0,"23":0,"24":0,"25":0,"26":0,"27":0,"28":0,"29":0,"30":0,"31":0,"32":1},"f":{"0":1,"1":0,"2":0,"3":0,"4":0,"5":0},"b":{"0":[1],"1":[0],"2":[0],"3":[0],"4":[0],"5":[0]}}
,"/Users/truststaking/Documents/GitHub/xoxno-sdk-js/src/utils/SmartContractService.ts": {"path":"/Users/truststaking/Documents/GitHub/xoxno-sdk-js/src/utils/SmartContractService.ts","statementMap":{"0":{"start":{"line":1,"column":0},"end":{"line":1,"column":null}},"1":{"start":{"line":8,"column":32},"end":{"line":17,"column":1}},"2":{"start":{"line":13,"column":2},"end":{"line":16,"column":5}},"3":{"start":{"line":8,"column":13},"end":{"line":8,"column":32}}},"fnMap":{"0":{"name":"(anonymous_0)","decl":{"start":{"line":8,"column":32},"end":{"line":8,"column":null}},"loc":{"start":{"line":12,"column":4},"end":{"line":17,"column":1}}}},"branchMap":{},"s":{"0":1,"1":1,"2":1,"3":1},"f":{"0":1},"b":{}}
,"/Users/truststaking/Documents/GitHub/xoxno-sdk-js/src/utils/api.ts": {"path":"/Users/truststaking/Documents/GitHub/xoxno-sdk-js/src/utils/api.ts","statementMap":{"0":{"start":{"line":1,"column":0},"end":{"line":1,"column":26}},"1":{"start":{"line":2,"column":0},"end":{"line":2,"column":null}},"2":{"start":{"line":36,"column":4},"end":{"line":36,"column":25}},"3":{"start":{"line":37,"column":4},"end":{"line":37,"column":25}},"4":{"start":{"line":38,"column":4},"end":{"line":38,"column":23}},"5":{"start":{"line":39,"column":4},"end":{"line":58,"column":12}},"6":{"start":{"line":66,"column":4},"end":{"line":68,"column":null}},"7":{"start":{"line":67,"column":6},"end":{"line":67,"column":64}},"8":{"start":{"line":69,"column":4},"end":{"line":69,"column":30}},"9":{"start":{"line":73,"column":4},"end":{"line":75,"column":null}},"10":{"start":{"line":74,"column":6},"end":{"line":74,"column":60}},"11":{"start":{"line":76,"column":4},"end":{"line":76,"column":30}},"12":{"start":{"line":79,"column":28},"end":{"line":132,"column":3}},"13":{"start":{"line":84,"column":22},"end":{"line":84,"column":61}},"14":{"start":{"line":86,"column":20},"end":{"line":95,"column":6}},"15":{"start":{"line":96,"column":4},"end":{"line":131,"column":null}},"16":{"start":{"line":97,"column":23},"end":{"line":115,"column":null}},"17":{"start":{"line":103,"column":18},"end":{"line":105,"column":22}},"18":{"start":{"line":118,"column":21},"end":{"line":118,"column":25}},"19":{"start":{"line":120,"column":6},"end":{"line":120,"column":25}},"20":{"start":{"line":122,"column":6},"end":{"line":130,"column":8}},"21":{"start":{"line":20,"column":0},"end":{"line":20,"column":13}}},"fnMap":{"0":{"name":"(anonymous_1)","decl":{"start":{"line":35,"column":2},"end":{"line":35,"column":22}},"loc":{"start":{"line":35,"column":66},"end":{"line":59,"column":3}}},"1":{"name":"(anonymous_2)","decl":{"start":{"line":61,"column":9},"end":{"line":61,"column":15}},"loc":{"start":{"line":64,"column":32},"end":{"line":70,"column":3}}},"2":{"name":"(anonymous_3)","decl":{"start":{"line":72,"column":9},"end":{"line":72,"column":15}},"loc":{"start":{"line":72,"column":25},"end":{"line":77,"column":3}}},"3":{"name":"(anonymous_4)","decl":{"start":{"line":79,"column":28},"end":{"line":79,"column":33}},"loc":{"start":{"line":83,"column":18},"end":{"line":132,"column":3}}},"4":{"name":"(anonymous_5)","decl":{"start":{"line":102,"column":21},"end":{"line":102,"column":22}},"loc":{"start":{"line":102,"column":29},"end":{"line":106,"column":17}}}},"branchMap":{"0":{"loc":{"start":{"line":40,"column":6},"end":{"line":58,"column":12}},"type":"cond-expr","locations":[{"start":{"line":41,"column":10},"end":{"line":49,"column":null}},{"start":{"line":50,"column":10},"end":{"line":58,"column":12}}]},"1":{"loc":{"start":{"line":62,"column":4},"end":{"line":62,"column":28}},"type":"default-arg","locations":[{"start":{"line":62,"column":21},"end":{"line":62,"column":28}}]},"2":{"loc":{"start":{"line":63,"column":4},"end":{"line":63,"column":15}},"type":"default-arg","locations":[{"start":{"line":63,"column":13},"end":{"line":63,"column":15}}]},"3":{"loc":{"start":{"line":64,"column":4},"end":{"line":64,"column":32}},"type":"default-arg","locations":[{"start":{"line":64,"column":4},"end":{"line":64,"column":32}}]},"4":{"loc":{"start":{"line":66,"column":4},"end":{"line":68,"column":null}},"type":"if","locations":[{"start":{"line":66,"column":4},"end":{"line":68,"column":null}}]},"5":{"loc":{"start":{"line":73,"column":4},"end":{"line":75,"column":null}},"type":"if","locations":[{"start":{"line":73,"column":4},"end":{"line":75,"column":null}}]},"6":{"loc":{"start":{"line":81,"column":4},"end":{"line":81,"column":41}},"type":"default-arg","locations":[{"start":{"line":81,"column":39},"end":{"line":81,"column":41}}]},"7":{"loc":{"start":{"line":82,"column":4},"end":{"line":82,"column":19}},"type":"default-arg","locations":[{"start":{"line":82,"column":14},"end":{"line":82,"column":19}}]},"8":{"loc":{"start":{"line":91,"column":10},"end":{"line":93,"column":12}},"type":"cond-expr","locations":[{"start":{"line":92,"column":10},"end":{"line":92,"column":48}},{"start":{"line":93,"column":10},"end":{"line":93,"column":12}}]},"9":{"loc":{"start":{"line":94,"column":11},"end":{"line":94,"column":43}},"type":"binary-expr","locations":[{"start":{"line":94,"column":11},"end":{"line":94,"column":37}},{"start":{"line":94,"column":41},"end":{"line":94,"column":43}}]},"10":{"loc":{"start":{"line":99,"column":10},"end":{"line":108,"column":null}},"type":"cond-expr","locations":[{"start":{"line":100,"column":14},"end":{"line":107,"column":26}},{"start":{"line":108,"column":14},"end":{"line":108,"column":null}}]},"11":{"loc":{"start":{"line":113,"column":14},"end":{"line":113,"column":60}},"type":"cond-expr","locations":[{"start":{"line":113,"column":44},"end":{"line":113,"column":55}},{"start":{"line":113,"column":58},"end":{"line":113,"column":60}}]},"12":{"loc":{"start":{"line":114,"column":19},"end":{"line":114,"column":50}},"type":"binary-expr","locations":[{"start":{"line":114,"column":19},"end":{"line":114,"column":41}},{"start":{"line":114,"column":45},"end":{"line":114,"column":50}}]}},"s":{"0":3,"1":3,"2":3,"3":3,"4":3,"5":3,"6":3,"7":3,"8":3,"9":5,"10":0,"11":5,"12":3,"13":12,"14":12,"15":12,"16":12,"17":0,"18":12,"19":12,"20":0,"21":3},"f":{"0":3,"1":3,"2":5,"3":12,"4":0},"b":{"0":[3,0],"1":[2],"2":[2],"3":[3],"4":[3],"5":[0],"6":[12],"7":[12],"8":[0,12],"9":[12,12],"10":[0,12],"11":[12,0],"12":[12,12]}}
,"/Users/truststaking/Documents/GitHub/xoxno-sdk-js/src/utils/const.ts": {"path":"/Users/truststaking/Documents/GitHub/xoxno-sdk-js/src/utils/const.ts","statementMap":{"0":{"start":{"line":1,"column":13},"end":{"line":1,"column":47}},"1":{"start":{"line":2,"column":13},"end":{"line":2,"column":55}},"2":{"start":{"line":4,"column":13},"end":{"line":5,"column":67}},"3":{"start":{"line":6,"column":13},"end":{"line":7,"column":67}},"4":{"start":{"line":8,"column":13},"end":{"line":9,"column":67}},"5":{"start":{"line":10,"column":13},"end":{"line":11,"column":67}},"6":{"start":{"line":12,"column":13},"end":{"line":13,"column":67}},"7":{"start":{"line":14,"column":13},"end":{"line":15,"column":67}},"8":{"start":{"line":16,"column":13},"end":{"line":17,"column":67}},"9":{"start":{"line":19,"column":13},"end":{"line":20,"column":67}},"10":{"start":{"line":21,"column":13},"end":{"line":22,"column":67}},"11":{"start":{"line":23,"column":13},"end":{"line":24,"column":67}},"12":{"start":{"line":25,"column":13},"end":{"line":26,"column":67}}},"fnMap":{},"branchMap":{},"s":{"0":3,"1":3,"2":3,"3":3,"4":3,"5":3,"6":3,"7":3,"8":3,"9":3,"10":3,"11":3,"12":3},"f":{},"b":{}}
,"/Users/truststaking/Documents/GitHub/xoxno-sdk-js/src/utils/getActivity.ts": {"path":"/Users/truststaking/Documents/GitHub/xoxno-sdk-js/src/utils/getActivity.ts","statementMap":{"0":{"start":{"line":15,"column":27},"end":{"line":55,"column":1}},"1":{"start":{"line":19,"column":2},"end":{"line":21,"column":null}},"2":{"start":{"line":20,"column":4},"end":{"line":20,"column":53}},"3":{"start":{"line":23,"column":50},"end":{"line":40,"column":4}},"4":{"start":{"line":42,"column":17},"end":{"line":42,"column":76}},"5":{"start":{"line":43,"column":19},"end":{"line":44,"column":null}},"6":{"start":{"line":47,"column":2},"end":{"line":54,"column":4}},"7":{"start":{"line":15,"column":13},"end":{"line":15,"column":27}}},"fnMap":{"0":{"name":"(anonymous_0)","decl":{"start":{"line":15,"column":27},"end":{"line":15,"column":32}},"loc":{"start":{"line":18,"column":38},"end":{"line":55,"column":1}}}},"branchMap":{"0":{"loc":{"start":{"line":19,"column":2},"end":{"line":21,"column":null}},"type":"if","locations":[{"start":{"line":19,"column":2},"end":{"line":21,"column":null}}]},"1":{"loc":{"start":{"line":19,"column":6},"end":{"line":19,"column":31}},"type":"binary-expr","locations":[{"start":{"line":19,"column":6},"end":{"line":19,"column":14}},{"start":{"line":19,"column":18},"end":{"line":19,"column":31}}]},"2":{"loc":{"start":{"line":26,"column":18},"end":{"line":26,"column":47}},"type":"binary-expr","locations":[{"start":{"line":26,"column":18},"end":{"line":26,"column":34}},{"start":{"line":26,"column":38},"end":{"line":26,"column":47}}]},"3":{"loc":{"start":{"line":27,"column":15},"end":{"line":27,"column":39}},"type":"binary-expr","locations":[{"start":{"line":27,"column":15},"end":{"line":27,"column":26}},{"start":{"line":27,"column":30},"end":{"line":27,"column":39}}]},"4":{"loc":{"start":{"line":28,"column":14},"end":{"line":28,"column":45}},"type":"binary-expr","locations":[{"start":{"line":28,"column":14},"end":{"line":28,"column":32}},{"start":{"line":28,"column":36},"end":{"line":28,"column":45}}]},"5":{"loc":{"start":{"line":29,"column":19},"end":{"line":29,"column":49}},"type":"binary-expr","locations":[{"start":{"line":29,"column":19},"end":{"line":29,"column":36}},{"start":{"line":29,"column":40},"end":{"line":29,"column":49}}]},"6":{"loc":{"start":{"line":30,"column":14},"end":{"line":30,"column":39}},"type":"binary-expr","locations":[{"start":{"line":30,"column":14},"end":{"line":30,"column":26}},{"start":{"line":30,"column":30},"end":{"line":30,"column":39}}]},"7":{"loc":{"start":{"line":38,"column":9},"end":{"line":38,"column":23}},"type":"binary-expr","locations":[{"start":{"line":38,"column":9},"end":{"line":38,"column":17}},{"start":{"line":38,"column":21},"end":{"line":38,"column":23}}]},"8":{"loc":{"start":{"line":39,"column":10},"end":{"line":39,"column":24}},"type":"binary-expr","locations":[{"start":{"line":39,"column":10},"end":{"line":39,"column":19}},{"start":{"line":39,"column":23},"end":{"line":39,"column":24}}]},"9":{"loc":{"start":{"line":51,"column":13},"end":{"line":51,"column":27}},"type":"binary-expr","locations":[{"start":{"line":51,"column":13},"end":{"line":51,"column":22}},{"start":{"line":51,"column":26},"end":{"line":51,"column":27}}]},"10":{"loc":{"start":{"line":51,"column":32},"end":{"line":51,"column":46}},"type":"binary-expr","locations":[{"start":{"line":51,"column":32},"end":{"line":51,"column":40}},{"start":{"line":51,"column":44},"end":{"line":51,"column":46}}]}},"s":{"0":2,"1":4,"2":0,"3":4,"4":4,"5":4,"6":4,"7":2},"f":{"0":4},"b":{"0":[0],"1":[4,3],"2":[4,2],"3":[4,4],"4":[4,4],"5":[4,4],"6":[4,4],"7":[4,1],"8":[4,3],"9":[4,3],"10":[4,1]}}
,"/Users/truststaking/Documents/GitHub/xoxno-sdk-js/src/utils/helpers.ts": {"path":"/Users/truststaking/Documents/GitHub/xoxno-sdk-js/src/utils/helpers.ts","statementMap":{"0":{"start":{"line":1,"column":26},"end":{"line":7,"column":1}},"1":{"start":{"line":2,"column":17},"end":{"line":2,"column":35}},"2":{"start":{"line":3,"column":2},"end":{"line":5,"column":null}},"3":{"start":{"line":4,"column":4},"end":{"line":4,"column":30}},"4":{"start":{"line":6,"column":2},"end":{"line":6,"column":18}},"5":{"start":{"line":1,"column":13},"end":{"line":1,"column":26}},"6":{"start":{"line":9,"column":44},"end":{"line":14,"column":1}},"7":{"start":{"line":13,"column":2},"end":{"line":13,"column":51}},"8":{"start":{"line":9,"column":13},"end":{"line":9,"column":44}}},"fnMap":{"0":{"name":"(anonymous_0)","decl":{"start":{"line":1,"column":26},"end":{"line":1,"column":27}},"loc":{"start":{"line":1,"column":52},"end":{"line":7,"column":1}}},"1":{"name":"(anonymous_1)","decl":{"start":{"line":9,"column":44},"end":{"line":9,"column":null}},"loc":{"start":{"line":12,"column":12},"end":{"line":14,"column":1}}}},"branchMap":{"0":{"loc":{"start":{"line":3,"column":2},"end":{"line":5,"column":null}},"type":"if","locations":[{"start":{"line":3,"column":2},"end":{"line":5,"column":null}}]}},"s":{"0":1,"1":1,"2":1,"3":1,"4":1,"5":1,"6":1,"7":1,"8":1},"f":{"0":1,"1":1},"b":{"0":[1]}}
,"/Users/truststaking/Documents/GitHub/xoxno-sdk-js/src/utils/regex.ts": {"path":"/Users/truststaking/Documents/GitHub/xoxno-sdk-js/src/utils/regex.ts","statementMap":{"0":{"start":{"line":1,"column":39},"end":{"line":3,"column":1}},"1":{"start":{"line":2,"column":2},"end":{"line":2,"column":53}},"2":{"start":{"line":1,"column":13},"end":{"line":1,"column":39}},"3":{"start":{"line":5,"column":36},"end":{"line":7,"column":1}},"4":{"start":{"line":6,"column":2},"end":{"line":6,"column":80}},"5":{"start":{"line":5,"column":13},"end":{"line":5,"column":36}}},"fnMap":{"0":{"name":"(anonymous_0)","decl":{"start":{"line":1,"column":39},"end":{"line":1,"column":40}},"loc":{"start":{"line":1,"column":67},"end":{"line":3,"column":1}}},"1":{"name":"(anonymous_1)","decl":{"start":{"line":5,"column":36},"end":{"line":5,"column":37}},"loc":{"start":{"line":5,"column":68},"end":{"line":7,"column":1}}}},"branchMap":{},"s":{"0":2,"1":7,"2":2,"3":2,"4":1,"5":2},"f":{"0":7,"1":1},"b":{}}
,"/Users/truststaking/Documents/GitHub/xoxno-sdk-js/src/utils/scCalls.ts": {"path":"/Users/truststaking/Documents/GitHub/xoxno-sdk-js/src/utils/scCalls.ts","statementMap":{"0":{"start":{"line":1,"column":0},"end":{"line":1,"column":null}},"1":{"start":{"line":6,"column":0},"end":{"line":6,"column":null}},"2":{"start":{"line":12,"column":0},"end":{"line":12,"column":34}},"3":{"start":{"line":16,"column":43},"end":{"line":16,"column":62}},"4":{"start":{"line":19,"column":16},"end":{"line":19,"column":44}},"5":{"start":{"line":20,"column":4},"end":{"line":22,"column":7}},"6":{"start":{"line":29,"column":4},"end":{"line":46,"column":null}},"7":{"start":{"line":31,"column":8},"end":{"line":31,"column":64}},"8":{"start":{"line":33,"column":6},"end":{"line":36,"column":8}},"9":{"start":{"line":38,"column":6},"end":{"line":42,"column":8}},"10":{"start":{"line":43,"column":6},"end":{"line":43,"column":27}},"11":{"start":{"line":45,"column":6},"end":{"line":45,"column":18}},"12":{"start":{"line":14,"column":0},"end":{"line":14,"column":13}}},"fnMap":{"0":{"name":"(anonymous_0)","decl":{"start":{"line":18,"column":2},"end":{"line":18,"column":null}},"loc":{"start":{"line":18,"column":2},"end":{"line":23,"column":3}}},"1":{"name":"(anonymous_1)","decl":{"start":{"line":25,"column":2},"end":{"line":25,"column":7}},"loc":{"start":{"line":27,"column":28},"end":{"line":47,"column":3}}}},"branchMap":{},"s":{"0":1,"1":1,"2":1,"3":1,"4":1,"5":1,"6":14,"7":14,"8":14,"9":0,"10":0,"11":0,"12":1},"f":{"0":1,"1":14},"b":{}}
}
