TN:
SF:src/collection/index.ts
FN:24,(anonymous_0)
FN:34,(anonymous_1)
FN:53,(anonymous_2)
FN:72,(anonymous_3)
FN:90,(anonymous_4)
FN:153,(anonymous_5)
FNF:6
FNH:6
FNDA:2,(anonymous_0)
FNDA:1,(anonymous_1)
FNDA:1,(anonymous_2)
FNDA:1,(anonymous_3)
FNDA:2,(anonymous_4)
FNDA:2,(anonymous_5)
DA:9,1
DA:10,1
DA:11,1
DA:22,1
DA:25,2
DA:34,2
DA:37,1
DA:38,0
DA:40,1
DA:43,1
DA:53,2
DA:57,1
DA:58,0
DA:60,1
DA:63,1
DA:72,2
DA:75,1
DA:76,0
DA:78,1
DA:81,1
DA:90,2
DA:93,2
DA:94,0
DA:97,2
DA:98,0
DA:101,2
DA:131,2
DA:132,2
DA:135,2
DA:153,2
DA:156,2
LF:31
LH:26
BRDA:37,0,0,0
BRDA:55,1,0,1
BRDA:57,2,0,0
BRDA:75,3,0,0
BRDA:93,4,0,0
BRDA:97,5,0,0
BRDA:97,6,0,2
BRDA:97,6,1,2
BRDA:103,7,0,2
BRDA:103,7,1,0
BRDA:104,8,0,2
BRDA:104,8,1,2
BRDA:105,9,0,2
BRDA:105,9,1,0
BRDA:106,10,0,0
BRDA:106,10,1,2
BRDA:110,11,0,2
BRDA:110,11,1,2
BRDA:111,12,0,2
BRDA:111,12,1,2
BRDA:112,13,0,0
BRDA:112,13,1,2
BRDA:115,14,0,0
BRDA:115,14,1,0
BRDA:120,15,0,2
BRDA:120,15,1,2
BRDA:121,16,0,2
BRDA:121,16,1,2
BRDA:123,17,0,2
BRDA:123,17,1,2
BRDA:124,18,0,2
BRDA:124,18,1,2
BRDA:126,19,0,2
BRDA:126,19,1,0
BRDA:127,20,0,2
BRDA:127,20,1,0
BRDA:128,21,0,2
BRDA:128,21,1,1
BRDA:139,22,0,2
BRDA:139,22,1,1
BRDA:139,23,0,2
BRDA:139,23,1,0
BRDA:142,24,0,2
BRDA:142,24,1,1
BRDA:142,25,0,2
BRDA:142,25,1,0
BRF:46
BRH:31
end_of_record
TN:
SF:src/interactions/index.ts
FN:16,(anonymous_0)
FN:21,(anonymous_1)
FN:33,(anonymous_2)
FN:42,(anonymous_3)
FN:52,(anonymous_4)
FN:63,(anonymous_5)
FN:66,(anonymous_6)
FN:76,(anonymous_7)
FN:96,(anonymous_8)
FN:108,(anonymous_9)
FN:153,(anonymous_10)
FN:162,(anonymous_11)
FN:171,(anonymous_12)
FN:180,(anonymous_13)
FN:192,(anonymous_14)
FN:205,(anonymous_15)
FN:221,(anonymous_16)
FN:227,(anonymous_17)
FNF:18
FNH:17
FNDA:1,(anonymous_0)
FNDA:1,(anonymous_1)
FNDA:14,(anonymous_2)
FNDA:1,(anonymous_3)
FNDA:1,(anonymous_4)
FNDA:2,(anonymous_5)
FNDA:5072,(anonymous_6)
FNDA:1,(anonymous_7)
FNDA:0,(anonymous_8)
FNDA:2,(anonymous_9)
FNDA:1,(anonymous_10)
FNDA:1,(anonymous_11)
FNDA:1,(anonymous_12)
FNDA:1,(anonymous_13)
FNDA:1,(anonymous_14)
FNDA:1,(anonymous_15)
FNDA:1,(anonymous_16)
FNDA:755,(anonymous_17)
DA:1,1
DA:6,1
DA:8,1
DA:9,1
DA:10,1
DA:11,1
DA:13,1
DA:17,1
DA:18,1
DA:22,1
DA:23,1
DA:24,1
DA:30,1
DA:34,14
DA:42,1
DA:43,1
DA:44,1
DA:45,1
DA:52,1
DA:53,1
DA:54,1
DA:55,1
DA:63,1
DA:64,2
DA:65,2
DA:66,5072
DA:81,1
DA:85,1
DA:86,0
DA:88,1
DA:97,0
DA:108,1
DA:111,2
DA:112,2
DA:113,2
DA:114,2
DA:115,2
DA:116,2
DA:119,2
DA:120,2
DA:121,2
DA:122,2
DA:123,0
DA:132,2
DA:134,2
DA:135,2
DA:136,2
DA:138,2
DA:139,2
DA:140,2
DA:141,0
DA:147,2
DA:154,1
DA:155,1
DA:156,1
DA:163,1
DA:164,1
DA:165,1
DA:172,1
DA:173,1
DA:174,1
DA:181,1
DA:182,1
DA:183,1
DA:193,1
DA:196,1
DA:208,1
DA:211,1
DA:224,1
DA:227,755
DA:228,1
LF:71
LH:67
BRDA:85,0,0,0
BRDA:122,1,0,0
BRDA:122,1,1,2
BRDA:140,2,0,0
BRF:4
BRH:1
end_of_record
TN:
SF:src/nft/index.ts
FN:19,(anonymous_0)
FN:28,(anonymous_1)
FN:45,(anonymous_2)
FN:67,(anonymous_3)
FN:93,(anonymous_4)
FNF:5
FNH:5
FNDA:1,(anonymous_0)
FNDA:1,(anonymous_1)
FNDA:1,(anonymous_2)
FNDA:1,(anonymous_3)
FNDA:2,(anonymous_4)
DA:3,1
DA:4,1
DA:5,1
DA:6,1
DA:17,1
DA:20,1
DA:28,1
DA:29,1
DA:30,0
DA:32,1
DA:35,1
DA:45,1
DA:49,1
DA:50,0
DA:53,1
DA:56,1
DA:67,1
DA:72,1
DA:73,0
DA:76,1
DA:77,0
DA:80,1
DA:83,1
DA:93,1
DA:96,2
LF:25
LH:21
BRDA:29,0,0,0
BRDA:49,1,0,0
BRDA:72,2,0,0
BRDA:76,3,0,0
BRF:4
BRH:0
end_of_record
TN:
SF:src/utils/SmartContractAbis.ts
FN:12,(anonymous_1)
FN:23,(anonymous_2)
FN:35,(anonymous_3)
FN:47,(anonymous_4)
FN:59,(anonymous_5)
FN:71,(anonymous_6)
FNF:6
FNH:1
FNDA:1,(anonymous_1)
FNDA:0,(anonymous_2)
FNDA:0,(anonymous_3)
FNDA:0,(anonymous_4)
FNDA:0,(anonymous_5)
FNDA:0,(anonymous_6)
DA:1,1
DA:2,1
DA:4,1
DA:13,1
DA:14,1
DA:17,1
DA:18,1
DA:21,1
DA:24,0
DA:25,0
DA:28,0
DA:29,0
DA:32,0
DA:36,0
DA:37,0
DA:40,0
DA:41,0
DA:44,0
DA:48,0
DA:49,0
DA:52,0
DA:53,0
DA:56,0
DA:60,0
DA:61,0
DA:64,0
DA:65,0
DA:68,0
DA:72,0
DA:73,0
DA:76,0
DA:77,0
DA:80,0
LF:33
LH:8
BRDA:13,0,0,1
BRDA:24,1,0,0
BRDA:36,2,0,0
BRDA:48,3,0,0
BRDA:60,4,0,0
BRDA:72,5,0,0
BRF:6
BRH:1
end_of_record
TN:
SF:src/utils/SmartContractService.ts
FN:8,(anonymous_0)
FNF:1
FNH:1
FNDA:1,(anonymous_0)
DA:1,1
DA:8,1
DA:13,1
LF:3
LH:3
BRF:0
BRH:0
end_of_record
TN:
SF:src/utils/api.ts
FN:35,(anonymous_1)
FN:61,(anonymous_2)
FN:72,(anonymous_3)
FN:79,(anonymous_4)
FN:102,(anonymous_5)
FNF:5
FNH:4
FNDA:3,(anonymous_1)
FNDA:3,(anonymous_2)
FNDA:5,(anonymous_3)
FNDA:12,(anonymous_4)
FNDA:0,(anonymous_5)
DA:1,3
DA:2,3
DA:20,3
DA:36,3
DA:37,3
DA:38,3
DA:39,3
DA:66,3
DA:67,3
DA:69,3
DA:73,5
DA:74,0
DA:76,5
DA:79,3
DA:84,12
DA:86,12
DA:96,12
DA:97,12
DA:103,0
DA:118,12
DA:120,12
DA:122,0
LF:22
LH:19
BRDA:40,0,0,3
BRDA:40,0,1,0
BRDA:62,1,0,2
BRDA:63,2,0,2
BRDA:64,3,0,3
BRDA:66,4,0,3
BRDA:73,5,0,0
BRDA:81,6,0,12
BRDA:82,7,0,12
BRDA:91,8,0,0
BRDA:91,8,1,12
BRDA:94,9,0,12
BRDA:94,9,1,12
BRDA:99,10,0,0
BRDA:99,10,1,12
BRDA:113,11,0,12
BRDA:113,11,1,0
BRDA:114,12,0,12
BRDA:114,12,1,12
BRF:19
BRH:14
end_of_record
TN:
SF:src/utils/const.ts
FNF:0
FNH:0
DA:1,3
DA:2,3
DA:4,3
DA:6,3
DA:8,3
DA:10,3
DA:12,3
DA:14,3
DA:16,3
DA:19,3
DA:21,3
DA:23,3
DA:25,3
LF:13
LH:13
BRF:0
BRH:0
end_of_record
TN:
SF:src/utils/getActivity.ts
FN:15,(anonymous_0)
FNF:1
FNH:1
FNDA:4,(anonymous_0)
DA:15,2
DA:19,4
DA:20,0
DA:23,4
DA:42,4
DA:43,4
DA:47,4
LF:7
LH:6
BRDA:19,0,0,0
BRDA:19,1,0,4
BRDA:19,1,1,3
BRDA:26,2,0,4
BRDA:26,2,1,2
BRDA:27,3,0,4
BRDA:27,3,1,4
BRDA:28,4,0,4
BRDA:28,4,1,4
BRDA:29,5,0,4
BRDA:29,5,1,4
BRDA:30,6,0,4
BRDA:30,6,1,4
BRDA:38,7,0,4
BRDA:38,7,1,1
BRDA:39,8,0,4
BRDA:39,8,1,3
BRDA:51,9,0,4
BRDA:51,9,1,3
BRDA:51,10,0,4
BRDA:51,10,1,1
BRF:21
BRH:20
end_of_record
TN:
SF:src/utils/helpers.ts
FN:1,(anonymous_0)
FN:9,(anonymous_1)
FNF:2
FNH:2
FNDA:1,(anonymous_0)
FNDA:1,(anonymous_1)
DA:1,1
DA:2,1
DA:3,1
DA:4,1
DA:6,1
DA:9,1
DA:13,1
LF:7
LH:7
BRDA:3,0,0,1
BRF:1
BRH:1
end_of_record
TN:
SF:src/utils/regex.ts
FN:1,(anonymous_0)
FN:5,(anonymous_1)
FNF:2
FNH:2
FNDA:7,(anonymous_0)
FNDA:1,(anonymous_1)
DA:1,2
DA:2,7
DA:5,2
DA:6,1
LF:4
LH:4
BRF:0
BRH:0
end_of_record
TN:
SF:src/utils/scCalls.ts
FN:18,(anonymous_0)
FN:25,(anonymous_1)
FNF:2
FNH:2
FNDA:1,(anonymous_0)
FNDA:14,(anonymous_1)
DA:1,1
DA:6,1
DA:12,1
DA:14,1
DA:16,1
DA:19,1
DA:20,1
DA:29,14
DA:31,14
DA:33,14
DA:38,0
DA:43,0
DA:45,0
LF:13
LH:10
BRF:0
BRH:0
end_of_record
